
  “ Nothing worth having comes easy. ”
  — Theodore Roosevelt


  “ You must be the change you wish to see in the world. ”
  — Mahatma Gandhi


  “ Live as if you were to die tomorrow. Learn as if you were to live forever. ”
  — Mahatma Gandhi


  “ Always remember that you are absolutely unique. Just like everyone else. ”
  — Margaret Mead


  “ I have not failed. I've just found 10,000 ways that won't work. ”
  — Thomas Edison


  “ Smile, breathe, and go slowly. ”
  — Thich Nhat Hanh


  “ Happiness is not something readymade. It comes from your own actions. ”
  — Dalai Lama


  “ Simplicity is an acquired taste. ”
  — Katharine Gerould


  “ Simplicity is the consequence of refined emotions. ”
  — Jean D'Alembert


  “ Smile, breathe, and go slowly. ”
  — Thich Nhat Hanh


  “ Nothing in life is to be feared, it is only to be understood. Now is the time to understand more, so that we may fear less. ”
  — Marie Curie


  “ Be present above all else. ”
  — Naval Ravikant


  “ Smile, breathe, and go slowly. ”
  — Thich Nhat Hanh


  “ The best way to take care of the future is to take care of the present moment. ”
  — Thich Nhat Hanh


  “ He who is contented is rich. ”
  — Laozi

